<?xml version="1.0" encoding="UTF-8"?>
<testsuite xmlns:xsi="http://www.w3.org/2001/XMLSchema-instance" xsi:noNamespaceSchemaLocation="https://maven.apache.org/surefire/maven-surefire-plugin/xsd/surefire-test-report-3.0.xsd" version="3.0" name="com.ubs.ubs.UbsApplicationTests" time="9.403" tests="1" errors="0" skipped="0" failures="0">
  <properties>
[...]
</properties>
  <testcase name="contextLoads" classname="com.ubs.ubs.UbsApplicationTests" time="0.598">
    <system-out><![CDATA[12:28:44.599 [main] INFO org.springframework.test.context.support.AnnotationConfigContextLoaderUtils -- Could not detect default configuration classes for test class [com.ubs.ubs.UbsApplicationTests]: UbsApplicationTests does not declare any static, non-private, non-final, nested classes annotated with @Configuration.
12:28:44.824 [main] INFO org.springframework.boot.test.context.SpringBootTestContextBootstrapper -- Found @SpringBootConfiguration com.ubs.ubs.UbsApplication for test class com.ubs.ubs.UbsApplicationTests
12:28:45.296 [main] INFO org.springframework.boot.devtools.restart.RestartApplicationListener -- Restart disabled due to context in which it is running

  .   ____          _            __ _ _
 /\\ / ___'_ __ _ _(_)_ __  __ _ \ \ \ \
( ( )\___ | '_ | '_| | '_ \/ _` | \ \ \ \
 \\/  ___)| |_)| | | | | || (_| |  ) ) ) )
  '  |____| .__|_| |_|_| |_\__, | / / / /
 =========|_|==============|___/=/_/_/_/
 :: Spring Boot ::                (v3.2.2)

2024-03-07T12:28:45.798-03:00  INFO 10848 --- [           main] com.ubs.ubs.UbsApplicationTests          : Starting UbsApplicationTests using Java 18.0.2.1 with PID 10848 (started by ADS2221035 in C:\Users\ADS2221035\OneDrive - Fatec Centro Paula Souza\Desktop\ubs)
2024-03-07T12:28:45.800-03:00  INFO 10848 --- [           main] com.ubs.ubs.UbsApplicationTests          : The following 1 profile is active: "test"
2024-03-07T12:28:46.879-03:00  INFO 10848 --- [           main] .s.d.r.c.RepositoryConfigurationDelegate : Bootstrapping Spring Data JPA repositories in DEFAULT mode.
2024-03-07T12:28:46.951-03:00  INFO 10848 --- [           main] .s.d.r.c.RepositoryConfigurationDelegate : Finished Spring Data repository scanning in 59 ms. Found 1 JPA repository interface.
2024-03-07T12:28:47.882-03:00  INFO 10848 --- [           main] o.hibernate.jpa.internal.util.LogHelper  : HHH000204: Processing PersistenceUnitInfo [name: default]
2024-03-07T12:28:48.027-03:00  INFO 10848 --- [           main] org.hibernate.Version                    : HHH000412: Hibernate ORM core version 6.4.1.Final
2024-03-07T12:28:48.087-03:00  INFO 10848 --- [           main] o.h.c.internal.RegionFactoryInitiator    : HHH000026: Second-level cache disabled
2024-03-07T12:28:48.662-03:00  INFO 10848 --- [           main] o.s.o.j.p.SpringPersistenceUnitInfo      : No LoadTimeWeaver setup: ignoring JPA class transformer
2024-03-07T12:28:48.727-03:00  INFO 10848 --- [           main] com.zaxxer.hikari.HikariDataSource       : HikariPool-1 - Starting...
2024-03-07T12:28:49.057-03:00  INFO 10848 --- [           main] com.zaxxer.hikari.pool.HikariPool        : HikariPool-1 - Added connection conn0: url=jdbc:h2:mem:testdb user=SA
2024-03-07T12:28:49.059-03:00  INFO 10848 --- [           main] com.zaxxer.hikari.HikariDataSource       : HikariPool-1 - Start completed.
2024-03-07T12:28:50.352-03:00  INFO 10848 --- [           main] o.h.e.t.j.p.i.JtaPlatformInitiator       : HHH000489: No JTA platform available (set 'hibernate.transaction.jta.platform' to enable JTA platform integration)
2024-03-07T12:28:50.413-03:00  INFO 10848 --- [           main] j.LocalContainerEntityManagerFactoryBean : Initialized JPA EntityManagerFactory for persistence unit 'default'
2024-03-07T12:28:50.808-03:00  INFO 10848 --- [           main] o.s.d.j.r.query.QueryEnhancerFactory     : Hibernate is in classpath; If applicable, HQL parser will be used.
2024-03-07T12:28:51.086-03:00  WARN 10848 --- [           main] JpaBaseConfiguration$JpaWebConfiguration : spring.jpa.open-in-view is enabled by default. Therefore, database queries may be performed during view rendering. Explicitly configure spring.jpa.open-in-view to disable this warning
2024-03-07T12:28:52.116-03:00  INFO 10848 --- [           main] o.s.b.a.h2.H2ConsoleAutoConfiguration    : H2 console available at '/h2-console'. Database available at 'jdbc:h2:mem:testdb'
2024-03-07T12:28:52.407-03:00  INFO 10848 --- [           main] o.s.s.web.DefaultSecurityFilterChain     : Will secure any request with [org.springframework.security.web.session.DisableEncodeUrlFilter@7f588bc6, org.springframework.security.web.context.request.async.WebAsyncManagerIntegrationFilter@3da8a302, org.springframework.security.web.context.SecurityContextHolderFilter@1cbb394b, org.springframework.security.web.header.HeaderWriterFilter@20e4e27f, org.springframework.web.filter.CorsFilter@21b75073, org.springframework.security.web.csrf.CsrfFilter@611ffa8d, org.springframework.security.web.authentication.logout.LogoutFilter@7af5ce66, org.springframework.security.web.authentication.UsernamePasswordAuthenticationFilter@281a54b, org.springframework.security.web.authentication.ui.DefaultLoginPageGeneratingFilter@78c9c38a, org.springframework.security.web.authentication.ui.DefaultLogoutPageGeneratingFilter@318ca53a, org.springframework.security.web.authentication.www.BasicAuthenticationFilter@4bfaff23, org.springframework.security.web.savedrequest.RequestCacheAwareFilter@12d33d7a, org.springframework.security.web.servletapi.SecurityContextHolderAwareRequestFilter@16bbb59c, org.springframework.security.web.authentication.AnonymousAuthenticationFilter@ab11e76, org.springframework.security.web.access.ExceptionTranslationFilter@67836d4, org.springframework.security.web.access.intercept.AuthorizationFilter@54ee423f]
2024-03-07T12:28:52.839-03:00  INFO 10848 --- [           main] com.ubs.ubs.UbsApplicationTests          : Started UbsApplicationTests in 7.577 seconds (process running for 9.772)
]]></system-out>
  </testcase>
</testsuite>